[0618/174546.884:ERROR:process_reader_win.cc(151)] SuspendThread: Access is denied. (0x5)
[0618/174546.888:ERROR:exception_snapshot_win.cc(98)] thread ID 250100 not found in process
[0618/174546.889:ERROR:scoped_process_suspend.cc(40)] NtResumeProcess: An attempt was made to access an exiting process. (0xc000010a)
[0619/205029.112:ERROR:process_memory_win.cc(73)] ReadMemory at 0x2406e8407b0 of 72 bytes failed: Only part of a ReadProcessMemory or WriteProcessMemory request was completed. (0x12B)
[0619/205029.113:WARNING:pe_image_annotations_reader.cc(134)] could not read annotations list object in C:\Program Files (x86)\Google\Chrome\Application\83.0.4103.106\chrome_elf.dll
[0619/205029.114:ERROR:process_memory_win.cc(73)] ReadMemory at 0x2406ecf5510 of 72 bytes failed: Only part of a ReadProcessMemory or WriteProcessMemory request was completed. (0x12B)
[0619/205029.114:WARNING:pe_image_annotations_reader.cc(134)] could not read annotations list object in C:\Program Files (x86)\Google\Chrome\Application\83.0.4103.106\chrome.dll
[0619/205029.257:ERROR:process_memory_win.cc(73)] ReadMemory at 0x7ff6387c0000 of 64 bytes failed: Only part of a ReadProcessMemory or WriteProcessMemory request was completed. (0x12B)
[0619/205029.257:WARNING:pe_image_reader.cc(340)] could not read dos header from C:\Program Files (x86)\Google\Chrome\Application\chrome.exe
[0619/205029.257:ERROR:process_memory_win.cc(73)] ReadMemory at 0x7ffacca60000 of 64 bytes failed: Only part of a ReadProcessMemory or WriteProcessMemory request was completed. (0x12B)
[0619/205029.257:WARNING:pe_image_reader.cc(340)] could not read dos header from C:\WINDOWS\SYSTEM32\ntdll.dll
[0619/205029.258:ERROR:process_memory_win.cc(73)] ReadMemory at 0x7ffacb850000 of 64 bytes failed: Only part of a ReadProcessMemory or WriteProcessMemory request was completed. (0x12B)
[0619/205029.258:WARNING:pe_image_reader.cc(340)] could not read dos header from C:\WINDOWS\System32\KERNEL32.DLL
[0619/205029.258:ERROR:process_memory_win.cc(73)] ReadMemory at 0x7ffaca270000 of 64 bytes failed: Only part of a ReadProcessMemory or WriteProcessMemory request was completed. (0x12B)
[0619/205029.258:WARNING:pe_image_reader.cc(340)] could not read dos header from C:\WINDOWS\System32\KERNELBASE.dll
[0619/205029.258:ERROR:process_memory_win.cc(73)] ReadMemory at 0x7ffa9a7e0000 of 64 bytes failed: Only part of a ReadProcessMemory or WriteProcessMemory request was completed. (0x12B)
[0619/205029.258:WARNING:pe_image_reader.cc(340)] could not read dos header from C:\Program Files (x86)\Google\Chrome\Application\83.0.4103.106\chrome_elf.dll
[0619/205029.258:ERROR:process_memory_win.cc(73)] ReadMemory at 0x7ffabed40000 of 64 bytes failed: Only part of a ReadProcessMemory or WriteProcessMemory request was completed. (0x12B)
[0619/205029.258:WARNING:pe_image_reader.cc(340)] could not read dos header from C:\WINDOWS\SYSTEM32\VERSION.dll
[0619/205029.258:ERROR:process_memory_win.cc(73)] ReadMemory at 0x7ffacc780000 of 64 bytes failed: Only part of a ReadProcessMemory or WriteProcessMemory request was completed. (0x12B)
[0619/205029.259:WARNING:pe_image_reader.cc(340)] could not read dos header from C:\WINDOWS\System32\msvcrt.dll
[0619/205029.259:ERROR:process_memory_win.cc(73)] ReadMemory at 0x7ffaca940000 of 64 bytes failed: Only part of a ReadProcessMemory or WriteProcessMemory request was completed. (0x12B)
[0619/205029.259:WARNING:pe_image_reader.cc(340)] could not read dos header from C:\WINDOWS\System32\bcryptPrimitives.dll
[0619/205029.259:ERROR:process_memory_win.cc(73)] ReadMemory at 0x7ffacc8f0000 of 64 bytes failed: Only part of a ReadProcessMemory or WriteProcessMemory request was completed. (0x12B)
[0619/205029.260:WARNING:pe_image_reader.cc(340)] could not read dos header from C:\WINDOWS\System32\ADVAPI32.dll
[0619/205029.260:ERROR:process_memory_win.cc(73)] ReadMemory at 0x7ffacc6e0000 of 64 bytes failed: Only part of a ReadProcessMemory or WriteProcessMemory request was completed. (0x12B)
[0619/205029.260:WARNING:pe_image_reader.cc(340)] could not read dos header from C:\WINDOWS\System32\sechost.dll
[0619/205029.260:ERROR:process_memory_win.cc(73)] ReadMemory at 0x7ffacc5c0000 of 64 bytes failed: Only part of a ReadProcessMemory or WriteProcessMemory request was completed. (0x12B)
[0619/205029.260:WARNING:pe_image_reader.cc(340)] could not read dos header from C:\WINDOWS\System32\RPCRT4.dll
[0619/205029.260:ERROR:process_memory_win.cc(73)] ReadMemory at 0x7ffa6f860000 of 64 bytes failed: Only part of a ReadProcessMemory or WriteProcessMemory request was completed. (0x12B)
[0619/205029.260:WARNING:pe_image_reader.cc(340)] could not read dos header from C:\Program Files (x86)\Google\Chrome\Application\83.0.4103.106\chrome.dll
[0619/205029.260:ERROR:process_memory_win.cc(73)] ReadMemory at 0x7ffacc470000 of 64 bytes failed: Only part of a ReadProcessMemory or WriteProcessMemory request was completed. (0x12B)
[0619/205029.260:WARNING:pe_image_reader.cc(340)] could not read dos header from C:\WINDOWS\System32\WS2_32.dll
[0619/205029.260:ERROR:process_memory_win.cc(73)] ReadMemory at 0x7ffacb080000 of 64 bytes failed: Only part of a ReadProcessMemory or WriteProcessMemory request was completed. (0x12B)
[0619/205029.260:WARNING:pe_image_reader.cc(340)] could not read dos header from C:\WINDOWS\System32\OLEAUT32.dll
[0619/205029.260:ERROR:process_memory_win.cc(73)] ReadMemory at 0x7ffacaa10000 of 64 bytes failed: Only part of a ReadProcessMemory or WriteProcessMemory request was completed. (0x12B)
[0619/205029.260:WARNING:pe_image_reader.cc(340)] could not read dos header from C:\WINDOWS\System32\msvcp_win.dll
[0619/205029.260:ERROR:process_memory_win.cc(73)] ReadMemory at 0x7ffac99f0000 of 64 bytes failed: Only part of a ReadProcessMemory or WriteProcessMemory request was completed. (0x12B)
[0619/205029.260:WARNING:pe_image_reader.cc(340)] could not read dos header from C:\WINDOWS\System32\ucrtbase.dll
[0619/205029.261:ERROR:process_memory_win.cc(73)] ReadMemory at 0x7ffacabe0000 of 64 bytes failed: Only part of a ReadProcessMemory or WriteProcessMemory request was completed. (0x12B)
[0619/205029.261:WARNING:pe_image_reader.cc(340)] could not read dos header from C:\WINDOWS\System32\combase.dll
[0619/205029.261:ERROR:process_memory_win.cc(73)] ReadMemory at 0x7ffacaab0000 of 64 bytes failed: Only part of a ReadProcessMemory or WriteProcessMemory request was completed. (0x12B)
[0619/205029.261:WARNING:pe_image_reader.cc(340)] could not read dos header from C:\WINDOWS\System32\WINTRUST.dll
[0619/205029.261:ERROR:process_memory_win.cc(73)] ReadMemory at 0x7ffac99d0000 of 64 bytes failed: Only part of a ReadProcessMemory or WriteProcessMemory request was completed. (0x12B)
[0619/205029.261:WARNING:pe_image_reader.cc(340)] could not read dos header from C:\WINDOWS\System32\MSASN1.dll
[0619/205029.261:ERROR:process_memory_win.cc(73)] ReadMemory at 0x7ffaca770000 of 64 bytes failed: Only part of a ReadProcessMemory or WriteProcessMemory request was completed. (0x12B)
[0619/205029.261:WARNING:pe_image_reader.cc(340)] could not read dos header from C:\WINDOWS\System32\CRYPT32.dll
[0619/205029.261:ERROR:process_memory_win.cc(73)] ReadMemory at 0x7ffac8ea0000 of 64 bytes failed: Only part of a ReadProcessMemory or WriteProcessMemory request was completed. (0x12B)
[0619/205029.261:WARNING:pe_image_reader.cc(340)] could not read dos header from C:\WINDOWS\SYSTEM32\IPHLPAPI.DLL
[0619/205029.261:ERROR:process_memory_win.cc(73)] ReadMemory at 0x7ffac7530000 of 64 bytes failed: Only part of a ReadProcessMemory or WriteProcessMemory request was completed. (0x12B)
[0619/205029.261:WARNING:pe_image_reader.cc(340)] could not read dos header from C:\WINDOWS\SYSTEM32\WINMM.dll
[0619/205029.261:ERROR:process_memory_win.cc(73)] ReadMemory at 0x7ffab03f0000 of 64 bytes failed: Only part of a ReadProcessMemory or WriteProcessMemory request was completed. (0x12B)
[0619/205029.261:WARNING:pe_image_reader.cc(340)] could not read dos header from C:\WINDOWS\SYSTEM32\Secur32.dll
[0619/205029.262:ERROR:process_memory_win.cc(73)] ReadMemory at 0x7ffac9840000 of 64 bytes failed: Only part of a ReadProcessMemory or WriteProcessMemory request was completed. (0x12B)
[0619/205029.262:WARNING:pe_image_reader.cc(340)] could not read dos header from C:\WINDOWS\SYSTEM32\USERENV.dll
[0619/205029.262:ERROR:process_memory_win.cc(73)] ReadMemory at 0x7ffac9950000 of 64 bytes failed: Only part of a ReadProcessMemory or WriteProcessMemory request was completed. (0x12B)
[0619/205029.262:WARNING:pe_image_reader.cc(340)] could not read dos header from C:\WINDOWS\System32\profapi.dll
[0619/205029.262:ERROR:process_memory_win.cc(73)] ReadMemory at 0x7ffa936c0000 of 64 bytes failed: Only part of a ReadProcessMemory or WriteProcessMemory request was completed. (0x12B)
[0619/205029.262:WARNING:pe_image_reader.cc(340)] could not read dos header from C:\WINDOWS\SYSTEM32\UIAutomationCore.DLL
[0619/205029.262:ERROR:process_memory_win.cc(73)] ReadMemory at 0x7ffa9d9e0000 of 64 bytes failed: Only part of a ReadProcessMemory or WriteProcessMemory request was completed. (0x12B)
[0619/205029.262:WARNING:pe_image_reader.cc(340)] could not read dos header from C:\WINDOWS\SYSTEM32\DWrite.dll
[0619/205029.262:ERROR:process_memory_win.cc(73)] ReadMemory at 0x7ffaaec10000 of 64 bytes failed: Only part of a ReadProcessMemory or WriteProcessMemory request was completed. (0x12B)
[0619/205029.262:WARNING:pe_image_reader.cc(340)] could not read dos header from C:\WINDOWS\SYSTEM32\WINSPOOL.DRV
[0619/205029.262:ERROR:process_memory_win.cc(73)] ReadMemory at 0x7ffac9930000 of 64 bytes failed: Only part of a ReadProcessMemory or WriteProcessMemory request was completed. (0x12B)
[0619/205029.262:WARNING:pe_image_reader.cc(340)] could not read dos header from C:\WINDOWS\System32\kernel.appcore.dll
[0619/205029.263:ERROR:process_memory_win.cc(73)] ReadMemory at 0x7ffaca9c0000 of 64 bytes failed: Only part of a ReadProcessMemory or WriteProcessMemory request was completed. (0x12B)
[0619/205029.263:WARNING:pe_image_reader.cc(340)] could not read dos header from C:\WINDOWS\System32\bcrypt.dll
[0619/205029.263:ERROR:process_memory_win.cc(73)] ReadMemory at 0x7ffac77d0000 of 64 bytes failed: Only part of a ReadProcessMemory or WriteProcessMemory request was completed. (0x12B)
[0619/205029.263:WARNING:pe_image_reader.cc(340)] could not read dos header from C:\WINDOWS\SYSTEM32\dbghelp.dll
[0619/205029.263:ERROR:process_memory_win.cc(73)] ReadMemory at 0x7ffac14d0000 of 64 bytes failed: Only part of a ReadProcessMemory or WriteProcessMemory request was completed. (0x12B)
[0619/205029.263:WARNING:pe_image_reader.cc(340)] could not read dos header from C:\WINDOWS\SYSTEM32\WINHTTP.dll
[0619/205029.263:ERROR:process_memory_win.cc(73)] ReadMemory at 0x7ffabca20000 of 64 bytes failed: Only part of a ReadProcessMemory or WriteProcessMemory request was completed. (0x12B)
[0619/205029.263:WARNING:pe_image_reader.cc(340)] could not read dos header from C:\WINDOWS\SYSTEM32\dhcpcsvc.DLL
[0619/205029.263:ERROR:process_memory_win.cc(73)] ReadMemory at 0x7ffacc1c0000 of 64 bytes failed: Only part of a ReadProcessMemory or WriteProcessMemory request was completed. (0x12B)
[0619/205029.263:WARNING:pe_image_reader.cc(340)] could not read dos header from C:\WINDOWS\System32\NSI.dll
[0619/205029.263:ERROR:process_memory_win.cc(73)] ReadMemory at 0x7ffac7500000 of 64 bytes failed: Only part of a ReadProcessMemory or WriteProcessMemory request was completed. (0x12B)
[0619/205029.263:WARNING:pe_image_reader.cc(340)] could not read dos header from C:\WINDOWS\SYSTEM32\WINMMBASE.dll
[0619/205029.263:ERROR:process_memory_win.cc(73)] ReadMemory at 0x7ffaca8f0000 of 64 bytes failed: Only part of a ReadProcessMemory or WriteProcessMemory request was completed. (0x12B)
[0619/205029.263:WARNING:pe_image_reader.cc(340)] could not read dos header from C:\WINDOWS\System32\cfgmgr32.dll
[0619/205029.263:ERROR:process_memory_win.cc(73)] ReadMemory at 0x7ffac7a00000 of 64 bytes failed: Only part of a ReadProcessMemory or WriteProcessMemory request was completed. (0x12B)
[0619/205029.263:WARNING:pe_image_reader.cc(340)] could not read dos header from C:\WINDOWS\SYSTEM32\PROPSYS.dll
[0619/205029.264:ERROR:process_memory_win.cc(73)] ReadMemory at 0x7ffacb1c0000 of 64 bytes failed: Only part of a ReadProcessMemory or WriteProcessMemory request was completed. (0x12B)
[0619/205029.264:WARNING:pe_image_reader.cc(340)] could not read dos header from C:\WINDOWS\System32\shcore.dll
[0619/205029.264:ERROR:process_memory_win.cc(73)] ReadMemory at 0x7ffac9810000 of 64 bytes failed: Only part of a ReadProcessMemory or WriteProcessMemory request was completed. (0x12B)
[0619/205029.264:WARNING:pe_image_reader.cc(340)] could not read dos header from C:\WINDOWS\SYSTEM32\SSPICLI.DLL
[0619/205029.264:ERROR:process_memory_win.cc(73)] ReadMemory at 0x7ffac9360000 of 64 bytes failed: Only part of a ReadProcessMemory or WriteProcessMemory request was completed. (0x12B)
[0619/205029.264:WARNING:pe_image_reader.cc(340)] could not read dos header from C:\WINDOWS\SYSTEM32\CRYPTBASE.DLL
[0619/205029.270:ERROR:process_memory_win.cc(73)] ReadMemory at 0x7ff6387c0000 of 64 bytes failed: Only part of a ReadProcessMemory or WriteProcessMemory request was completed. (0x12B)
[0619/205029.270:WARNING:pe_image_reader.cc(340)] could not read dos header from C:\Program Files (x86)\Google\Chrome\Application\chrome.exe
[0619/205029.270:ERROR:process_memory_win.cc(73)] ReadMemory at 0x7ffacca60000 of 64 bytes failed: Only part of a ReadProcessMemory or WriteProcessMemory request was completed. (0x12B)
[0619/205029.270:WARNING:pe_image_reader.cc(340)] could not read dos header from C:\WINDOWS\SYSTEM32\ntdll.dll
[0619/205029.270:ERROR:process_memory_win.cc(73)] ReadMemory at 0x7ffacb850000 of 64 bytes failed: Only part of a ReadProcessMemory or WriteProcessMemory request was completed. (0x12B)
[0619/205029.270:WARNING:pe_image_reader.cc(340)] could not read dos header from C:\WINDOWS\System32\KERNEL32.DLL
[0619/205029.270:ERROR:process_memory_win.cc(73)] ReadMemory at 0x7ffaca270000 of 64 bytes failed: Only part of a ReadProcessMemory or WriteProcessMemory request was completed. (0x12B)
[0619/205029.270:WARNING:pe_image_reader.cc(340)] could not read dos header from C:\WINDOWS\System32\KERNELBASE.dll
[0619/205029.270:ERROR:process_memory_win.cc(73)] ReadMemory at 0x7ffa9a7e0000 of 64 bytes failed: Only part of a ReadProcessMemory or WriteProcessMemory request was completed. (0x12B)
[0619/205029.270:WARNING:pe_image_reader.cc(340)] could not read dos header from C:\Program Files (x86)\Google\Chrome\Application\83.0.4103.106\chrome_elf.dll
[0619/205029.270:ERROR:process_memory_win.cc(73)] ReadMemory at 0x7ffabed40000 of 64 bytes failed: Only part of a ReadProcessMemory or WriteProcessMemory request was completed. (0x12B)
[0619/205029.270:WARNING:pe_image_reader.cc(340)] could not read dos header from C:\WINDOWS\SYSTEM32\VERSION.dll
[0619/205029.270:ERROR:process_memory_win.cc(73)] ReadMemory at 0x7ffacc780000 of 64 bytes failed: Only part of a ReadProcessMemory or WriteProcessMemory request was completed. (0x12B)
[0619/205029.270:WARNING:pe_image_reader.cc(340)] could not read dos header from C:\WINDOWS\System32\msvcrt.dll
[0619/205029.270:ERROR:process_memory_win.cc(73)] ReadMemory at 0x7ffaca940000 of 64 bytes failed: Only part of a ReadProcessMemory or WriteProcessMemory request was completed. (0x12B)
[0619/205029.270:WARNING:pe_image_reader.cc(340)] could not read dos header from C:\WINDOWS\System32\bcryptPrimitives.dll
[0619/205029.271:ERROR:process_memory_win.cc(73)] ReadMemory at 0x7ffacc8f0000 of 64 bytes failed: Only part of a ReadProcessMemory or WriteProcessMemory request was completed. (0x12B)
[0619/205029.271:WARNING:pe_image_reader.cc(340)] could not read dos header from C:\WINDOWS\System32\ADVAPI32.dll
[0619/205029.271:ERROR:process_memory_win.cc(73)] ReadMemory at 0x7ffacc6e0000 of 64 bytes failed: Only part of a ReadProcessMemory or WriteProcessMemory request was completed. (0x12B)
[0619/205029.271:WARNING:pe_image_reader.cc(340)] could not read dos header from C:\WINDOWS\System32\sechost.dll
[0619/205029.271:ERROR:process_memory_win.cc(73)] ReadMemory at 0x7ffacc5c0000 of 64 bytes failed: Only part of a ReadProcessMemory or WriteProcessMemory request was completed. (0x12B)
[0619/205029.271:WARNING:pe_image_reader.cc(340)] could not read dos header from C:\WINDOWS\System32\RPCRT4.dll
[0619/205029.271:ERROR:process_memory_win.cc(73)] ReadMemory at 0x7ffa6f860000 of 64 bytes failed: Only part of a ReadProcessMemory or WriteProcessMemory request was completed. (0x12B)
[0619/205029.271:WARNING:pe_image_reader.cc(340)] could not read dos header from C:\Program Files (x86)\Google\Chrome\Application\83.0.4103.106\chrome.dll
[0619/205029.271:ERROR:process_memory_win.cc(73)] ReadMemory at 0x7ffacc470000 of 64 bytes failed: Only part of a ReadProcessMemory or WriteProcessMemory request was completed. (0x12B)
[0619/205029.271:WARNING:pe_image_reader.cc(340)] could not read dos header from C:\WINDOWS\System32\WS2_32.dll
[0619/205029.271:ERROR:process_memory_win.cc(73)] ReadMemory at 0x7ffacb080000 of 64 bytes failed: Only part of a ReadProcessMemory or WriteProcessMemory request was completed. (0x12B)
[0619/205029.271:WARNING:pe_image_reader.cc(340)] could not read dos header from C:\WINDOWS\System32\OLEAUT32.dll
[0619/205029.271:ERROR:process_memory_win.cc(73)] ReadMemory at 0x7ffacaa10000 of 64 bytes failed: Only part of a ReadProcessMemory or WriteProcessMemory request was completed. (0x12B)
[0619/205029.271:WARNING:pe_image_reader.cc(340)] could not read dos header from C:\WINDOWS\System32\msvcp_win.dll
[0619/205029.271:ERROR:process_memory_win.cc(73)] ReadMemory at 0x7ffac99f0000 of 64 bytes failed: Only part of a ReadProcessMemory or WriteProcessMemory request was completed. (0x12B)
[0619/205029.271:WARNING:pe_image_reader.cc(340)] could not read dos header from C:\WINDOWS\System32\ucrtbase.dll
[0619/205029.271:ERROR:process_memory_win.cc(73)] ReadMemory at 0x7ffacabe0000 of 64 bytes failed: Only part of a ReadProcessMemory or WriteProcessMemory request was completed. (0x12B)
[0619/205029.271:WARNING:pe_image_reader.cc(340)] could not read dos header from C:\WINDOWS\System32\combase.dll
[0619/205029.271:ERROR:process_memory_win.cc(73)] ReadMemory at 0x7ffacaab0000 of 64 bytes failed: Only part of a ReadProcessMemory or WriteProcessMemory request was completed. (0x12B)
[0619/205029.271:WARNING:pe_image_reader.cc(340)] could not read dos header from C:\WINDOWS\System32\WINTRUST.dll
[0619/205029.271:ERROR:process_memory_win.cc(73)] ReadMemory at 0x7ffac99d0000 of 64 bytes failed: Only part of a ReadProcessMemory or WriteProcessMemory request was completed. (0x12B)
[0619/205029.271:WARNING:pe_image_reader.cc(340)] could not read dos header from C:\WINDOWS\System32\MSASN1.dll
[0619/205029.271:ERROR:process_memory_win.cc(73)] ReadMemory at 0x7ffaca770000 of 64 bytes failed: Only part of a ReadProcessMemory or WriteProcessMemory request was completed. (0x12B)
[0619/205029.271:WARNING:pe_image_reader.cc(340)] could not read dos header from C:\WINDOWS\System32\CRYPT32.dll
[0619/205029.271:ERROR:process_memory_win.cc(73)] ReadMemory at 0x7ffac8ea0000 of 64 bytes failed: Only part of a ReadProcessMemory or WriteProcessMemory request was completed. (0x12B)
[0619/205029.271:WARNING:pe_image_reader.cc(340)] could not read dos header from C:\WINDOWS\SYSTEM32\IPHLPAPI.DLL
[0619/205029.272:ERROR:process_memory_win.cc(73)] ReadMemory at 0x7ffac7530000 of 64 bytes failed: Only part of a ReadProcessMemory or WriteProcessMemory request was completed. (0x12B)
[0619/205029.272:WARNING:pe_image_reader.cc(340)] could not read dos header from C:\WINDOWS\SYSTEM32\WINMM.dll
[0619/205029.272:ERROR:process_memory_win.cc(73)] ReadMemory at 0x7ffab03f0000 of 64 bytes failed: Only part of a ReadProcessMemory or WriteProcessMemory request was completed. (0x12B)
[0619/205029.272:WARNING:pe_image_reader.cc(340)] could not read dos header from C:\WINDOWS\SYSTEM32\Secur32.dll
[0619/205029.272:ERROR:process_memory_win.cc(73)] ReadMemory at 0x7ffac9840000 of 64 bytes failed: Only part of a ReadProcessMemory or WriteProcessMemory request was completed. (0x12B)
[0619/205029.272:WARNING:pe_image_reader.cc(340)] could not read dos header from C:\WINDOWS\SYSTEM32\USERENV.dll
[0619/205029.272:ERROR:process_memory_win.cc(73)] ReadMemory at 0x7ffac9950000 of 64 bytes failed: Only part of a ReadProcessMemory or WriteProcessMemory request was completed. (0x12B)
[0619/205029.272:WARNING:pe_image_reader.cc(340)] could not read dos header from C:\WINDOWS\System32\profapi.dll
[0619/205029.272:ERROR:process_memory_win.cc(73)] ReadMemory at 0x7ffa936c0000 of 64 bytes failed: Only part of a ReadProcessMemory or WriteProcessMemory request was completed. (0x12B)
[0619/205029.272:WARNING:pe_image_reader.cc(340)] could not read dos header from C:\WINDOWS\SYSTEM32\UIAutomationCore.DLL
[0619/205029.272:ERROR:process_memory_win.cc(73)] ReadMemory at 0x7ffa9d9e0000 of 64 bytes failed: Only part of a ReadProcessMemory or WriteProcessMemory request was completed. (0x12B)
[0619/205029.272:WARNING:pe_image_reader.cc(340)] could not read dos header from C:\WINDOWS\SYSTEM32\DWrite.dll
[0619/205029.272:ERROR:process_memory_win.cc(73)] ReadMemory at 0x7ffaaec10000 of 64 bytes failed: Only part of a ReadProcessMemory or WriteProcessMemory request was completed. (0x12B)
[0619/205029.272:WARNING:pe_image_reader.cc(340)] could not read dos header from C:\WINDOWS\SYSTEM32\WINSPOOL.DRV
[0619/205029.272:ERROR:process_memory_win.cc(73)] ReadMemory at 0x7ffac9930000 of 64 bytes failed: Only part of a ReadProcessMemory or WriteProcessMemory request was completed. (0x12B)
[0619/205029.272:WARNING:pe_image_reader.cc(340)] could not read dos header from C:\WINDOWS\System32\kernel.appcore.dll
[0619/205029.272:ERROR:process_memory_win.cc(73)] ReadMemory at 0x7ffaca9c0000 of 64 bytes failed: Only part of a ReadProcessMemory or WriteProcessMemory request was completed. (0x12B)
[0619/205029.272:WARNING:pe_image_reader.cc(340)] could not read dos header from C:\WINDOWS\System32\bcrypt.dll
[0619/205029.272:ERROR:process_memory_win.cc(73)] ReadMemory at 0x7ffac77d0000 of 64 bytes failed: Only part of a ReadProcessMemory or WriteProcessMemory request was completed. (0x12B)
[0619/205029.272:WARNING:pe_image_reader.cc(340)] could not read dos header from C:\WINDOWS\SYSTEM32\dbghelp.dll
[0619/205029.273:ERROR:process_memory_win.cc(73)] ReadMemory at 0x7ffac14d0000 of 64 bytes failed: Only part of a ReadProcessMemory or WriteProcessMemory request was completed. (0x12B)
[0619/205029.273:WARNING:pe_image_reader.cc(340)] could not read dos header from C:\WINDOWS\SYSTEM32\WINHTTP.dll
[0619/205029.273:ERROR:process_memory_win.cc(73)] ReadMemory at 0x7ffabca20000 of 64 bytes failed: Only part of a ReadProcessMemory or WriteProcessMemory request was completed. (0x12B)
[0619/205029.273:WARNING:pe_image_reader.cc(340)] could not read dos header from C:\WINDOWS\SYSTEM32\dhcpcsvc.DLL
[0619/205029.273:ERROR:process_memory_win.cc(73)] ReadMemory at 0x7ffacc1c0000 of 64 bytes failed: Only part of a ReadProcessMemory or WriteProcessMemory request was completed. (0x12B)
[0619/205029.273:WARNING:pe_image_reader.cc(340)] could not read dos header from C:\WINDOWS\System32\NSI.dll
[0619/205029.273:ERROR:process_memory_win.cc(73)] ReadMemory at 0x7ffac7500000 of 64 bytes failed: Only part of a ReadProcessMemory or WriteProcessMemory request was completed. (0x12B)
[0619/205029.273:WARNING:pe_image_reader.cc(340)] could not read dos header from C:\WINDOWS\SYSTEM32\WINMMBASE.dll
[0619/205029.273:ERROR:process_memory_win.cc(73)] ReadMemory at 0x7ffaca8f0000 of 64 bytes failed: Only part of a ReadProcessMemory or WriteProcessMemory request was completed. (0x12B)
[0619/205029.273:WARNING:pe_image_reader.cc(340)] could not read dos header from C:\WINDOWS\System32\cfgmgr32.dll
[0619/205029.273:ERROR:process_memory_win.cc(73)] ReadMemory at 0x7ffac7a00000 of 64 bytes failed: Only part of a ReadProcessMemory or WriteProcessMemory request was completed. (0x12B)
[0619/205029.273:WARNING:pe_image_reader.cc(340)] could not read dos header from C:\WINDOWS\SYSTEM32\PROPSYS.dll
[0619/205029.273:ERROR:process_memory_win.cc(73)] ReadMemory at 0x7ffacb1c0000 of 64 bytes failed: Only part of a ReadProcessMemory or WriteProcessMemory request was completed. (0x12B)
[0619/205029.273:WARNING:pe_image_reader.cc(340)] could not read dos header from C:\WINDOWS\System32\shcore.dll
[0619/205029.273:ERROR:process_memory_win.cc(73)] ReadMemory at 0x7ffac9810000 of 64 bytes failed: Only part of a ReadProcessMemory or WriteProcessMemory request was completed. (0x12B)
[0619/205029.273:WARNING:pe_image_reader.cc(340)] could not read dos header from C:\WINDOWS\SYSTEM32\SSPICLI.DLL
[0619/205029.273:ERROR:process_memory_win.cc(73)] ReadMemory at 0x7ffac9360000 of 64 bytes failed: Only part of a ReadProcessMemory or WriteProcessMemory request was completed. (0x12B)
[0619/205029.273:WARNING:pe_image_reader.cc(340)] could not read dos header from C:\WINDOWS\SYSTEM32\CRYPTBASE.DLL
[0619/205029.273:ERROR:process_memory_win.cc(73)] ReadMemory at 0x7ff6387c0000 of 64 bytes failed: Only part of a ReadProcessMemory or WriteProcessMemory request was completed. (0x12B)
[0619/205029.273:WARNING:pe_image_reader.cc(340)] could not read dos header from C:\Program Files (x86)\Google\Chrome\Application\chrome.exe
[0619/205029.273:ERROR:process_memory_win.cc(73)] ReadMemory at 0x7ffacca60000 of 64 bytes failed: Only part of a ReadProcessMemory or WriteProcessMemory request was completed. (0x12B)
[0619/205029.273:WARNING:pe_image_reader.cc(340)] could not read dos header from C:\WINDOWS\SYSTEM32\ntdll.dll
[0619/205029.273:ERROR:process_memory_win.cc(73)] ReadMemory at 0x7ffacb850000 of 64 bytes failed: Only part of a ReadProcessMemory or WriteProcessMemory request was completed. (0x12B)
[0619/205029.273:WARNING:pe_image_reader.cc(340)] could not read dos header from C:\WINDOWS\System32\KERNEL32.DLL
[0619/205029.273:ERROR:process_memory_win.cc(73)] ReadMemory at 0x7ffaca270000 of 64 bytes failed: Only part of a ReadProcessMemory or WriteProcessMemory request was completed. (0x12B)
[0619/205029.273:WARNING:pe_image_reader.cc(340)] could not read dos header from C:\WINDOWS\System32\KERNELBASE.dll
[0619/205029.273:ERROR:process_memory_win.cc(73)] ReadMemory at 0x7ffa9a7e0000 of 64 bytes failed: Only part of a ReadProcessMemory or WriteProcessMemory request was completed. (0x12B)
[0619/205029.273:WARNING:pe_image_reader.cc(340)] could not read dos header from C:\Program Files (x86)\Google\Chrome\Application\83.0.4103.106\chrome_elf.dll
[0619/205029.273:ERROR:process_memory_win.cc(73)] ReadMemory at 0x7ffabed40000 of 64 bytes failed: Only part of a ReadProcessMemory or WriteProcessMemory request was completed. (0x12B)
[0619/205029.273:WARNING:pe_image_reader.cc(340)] could not read dos header from C:\WINDOWS\SYSTEM32\VERSION.dll
[0619/205029.273:ERROR:process_memory_win.cc(73)] ReadMemory at 0x7ffacc780000 of 64 bytes failed: Only part of a ReadProcessMemory or WriteProcessMemory request was completed. (0x12B)
[0619/205029.273:WARNING:pe_image_reader.cc(340)] could not read dos header from C:\WINDOWS\System32\msvcrt.dll
[0619/205029.273:ERROR:process_memory_win.cc(73)] ReadMemory at 0x7ffaca940000 of 64 bytes failed: Only part of a ReadProcessMemory or WriteProcessMemory request was completed. (0x12B)
[0619/205029.273:WARNING:pe_image_reader.cc(340)] could not read dos header from C:\WINDOWS\System32\bcryptPrimitives.dll
[0619/205029.273:ERROR:process_memory_win.cc(73)] ReadMemory at 0x7ffacc8f0000 of 64 bytes failed: Only part of a ReadProcessMemory or WriteProcessMemory request was completed. (0x12B)
[0619/205029.273:WARNING:pe_image_reader.cc(340)] could not read dos header from C:\WINDOWS\System32\ADVAPI32.dll
[0619/205029.273:ERROR:process_memory_win.cc(73)] ReadMemory at 0x7ffacc6e0000 of 64 bytes failed: Only part of a ReadProcessMemory or WriteProcessMemory request was completed. (0x12B)
[0619/205029.273:WARNING:pe_image_reader.cc(340)] could not read dos header from C:\WINDOWS\System32\sechost.dll
[0619/205029.273:ERROR:process_memory_win.cc(73)] ReadMemory at 0x7ffacc5c0000 of 64 bytes failed: Only part of a ReadProcessMemory or WriteProcessMemory request was completed. (0x12B)
[0619/205029.273:WARNING:pe_image_reader.cc(340)] could not read dos header from C:\WINDOWS\System32\RPCRT4.dll
[0619/205029.273:ERROR:process_memory_win.cc(73)] ReadMemory at 0x7ffa6f860000 of 64 bytes failed: Only part of a ReadProcessMemory or WriteProcessMemory request was completed. (0x12B)
[0619/205029.273:WARNING:pe_image_reader.cc(340)] could not read dos header from C:\Program Files (x86)\Google\Chrome\Application\83.0.4103.106\chrome.dll
[0619/205029.273:ERROR:process_memory_win.cc(73)] ReadMemory at 0x7ffacc470000 of 64 bytes failed: Only part of a ReadProcessMemory or WriteProcessMemory request was completed. (0x12B)
[0619/205029.273:WARNING:pe_image_reader.cc(340)] could not read dos header from C:\WINDOWS\System32\WS2_32.dll
[0619/205029.273:ERROR:process_memory_win.cc(73)] ReadMemory at 0x7ffacb080000 of 64 bytes failed: Only part of a ReadProcessMemory or WriteProcessMemory request was completed. (0x12B)
[0619/205029.273:WARNING:pe_image_reader.cc(340)] could not read dos header from C:\WINDOWS\System32\OLEAUT32.dll
[0619/205029.273:ERROR:process_memory_win.cc(73)] ReadMemory at 0x7ffacaa10000 of 64 bytes failed: Only part of a ReadProcessMemory or WriteProcessMemory request was completed. (0x12B)
[0619/205029.273:WARNING:pe_image_reader.cc(340)] could not read dos header from C:\WINDOWS\System32\msvcp_win.dll
[0619/205029.273:ERROR:process_memory_win.cc(73)] ReadMemory at 0x7ffac99f0000 of 64 bytes failed: Only part of a ReadProcessMemory or WriteProcessMemory request was completed. (0x12B)
[0619/205029.273:WARNING:pe_image_reader.cc(340)] could not read dos header from C:\WINDOWS\System32\ucrtbase.dll
[0619/205029.273:ERROR:process_memory_win.cc(73)] ReadMemory at 0x7ffacabe0000 of 64 bytes failed: Only part of a ReadProcessMemory or WriteProcessMemory request was completed. (0x12B)
[0619/205029.273:WARNING:pe_image_reader.cc(340)] could not read dos header from C:\WINDOWS\System32\combase.dll
[0619/205029.273:ERROR:process_memory_win.cc(73)] ReadMemory at 0x7ffacaab0000 of 64 bytes failed: Only part of a ReadProcessMemory or WriteProcessMemory request was completed. (0x12B)
[0619/205029.273:WARNING:pe_image_reader.cc(340)] could not read dos header from C:\WINDOWS\System32\WINTRUST.dll
[0619/205029.273:ERROR:process_memory_win.cc(73)] ReadMemory at 0x7ffac99d0000 of 64 bytes failed: Only part of a ReadProcessMemory or WriteProcessMemory request was completed. (0x12B)
[0619/205029.273:WARNING:pe_image_reader.cc(340)] could not read dos header from C:\WINDOWS\System32\MSASN1.dll
[0619/205029.273:ERROR:process_memory_win.cc(73)] ReadMemory at 0x7ffaca770000 of 64 bytes failed: Only part of a ReadProcessMemory or WriteProcessMemory request was completed. (0x12B)
[0619/205029.273:WARNING:pe_image_reader.cc(340)] could not read dos header from C:\WINDOWS\System32\CRYPT32.dll
[0619/205029.273:ERROR:process_memory_win.cc(73)] ReadMemory at 0x7ffac8ea0000 of 64 bytes failed: Only part of a ReadProcessMemory or WriteProcessMemory request was completed. (0x12B)
[0619/205029.273:WARNING:pe_image_reader.cc(340)] could not read dos header from C:\WINDOWS\SYSTEM32\IPHLPAPI.DLL
[0619/205029.273:ERROR:process_memory_win.cc(73)] ReadMemory at 0x7ffac7530000 of 64 bytes failed: Only part of a ReadProcessMemory or WriteProcessMemory request was completed. (0x12B)
[0619/205029.273:WARNING:pe_image_reader.cc(340)] could not read dos header from C:\WINDOWS\SYSTEM32\WINMM.dll
[0619/205029.273:ERROR:process_memory_win.cc(73)] ReadMemory at 0x7ffab03f0000 of 64 bytes failed: Only part of a ReadProcessMemory or WriteProcessMemory request was completed. (0x12B)
[0619/205029.273:WARNING:pe_image_reader.cc(340)] could not read dos header from C:\WINDOWS\SYSTEM32\Secur32.dll
[0619/205029.273:ERROR:process_memory_win.cc(73)] ReadMemory at 0x7ffac9840000 of 64 bytes failed: Only part of a ReadProcessMemory or WriteProcessMemory request was completed. (0x12B)
[0619/205029.273:WARNING:pe_image_reader.cc(340)] could not read dos header from C:\WINDOWS\SYSTEM32\USERENV.dll
[0619/205029.273:ERROR:process_memory_win.cc(73)] ReadMemory at 0x7ffac9950000 of 64 bytes failed: Only part of a ReadProcessMemory or WriteProcessMemory request was completed. (0x12B)
[0619/205029.273:WARNING:pe_image_reader.cc(340)] could not read dos header from C:\WINDOWS\System32\profapi.dll
[0619/205029.273:ERROR:process_memory_win.cc(73)] ReadMemory at 0x7ffa936c0000 of 64 bytes failed: Only part of a ReadProcessMemory or WriteProcessMemory request was completed. (0x12B)
[0619/205029.273:WARNING:pe_image_reader.cc(340)] could not read dos header from C:\WINDOWS\SYSTEM32\UIAutomationCore.DLL
[0619/205029.273:ERROR:process_memory_win.cc(73)] ReadMemory at 0x7ffa9d9e0000 of 64 bytes failed: Only part of a ReadProcessMemory or WriteProcessMemory request was completed. (0x12B)
[0619/205029.273:WARNING:pe_image_reader.cc(340)] could not read dos header from C:\WINDOWS\SYSTEM32\DWrite.dll
[0619/205029.273:ERROR:process_memory_win.cc(73)] ReadMemory at 0x7ffaaec10000 of 64 bytes failed: Only part of a ReadProcessMemory or WriteProcessMemory request was completed. (0x12B)
[0619/205029.273:WARNING:pe_image_reader.cc(340)] could not read dos header from C:\WINDOWS\SYSTEM32\WINSPOOL.DRV
[0619/205029.273:ERROR:process_memory_win.cc(73)] ReadMemory at 0x7ffac9930000 of 64 bytes failed: Only part of a ReadProcessMemory or WriteProcessMemory request was completed. (0x12B)
[0619/205029.273:WARNING:pe_image_reader.cc(340)] could not read dos header from C:\WINDOWS\System32\kernel.appcore.dll
[0619/205029.273:ERROR:process_memory_win.cc(73)] ReadMemory at 0x7ffaca9c0000 of 64 bytes failed: Only part of a ReadProcessMemory or WriteProcessMemory request was completed. (0x12B)
[0619/205029.273:WARNING:pe_image_reader.cc(340)] could not read dos header from C:\WINDOWS\System32\bcrypt.dll
[0619/205029.273:ERROR:process_memory_win.cc(73)] ReadMemory at 0x7ffac77d0000 of 64 bytes failed: Only part of a ReadProcessMemory or WriteProcessMemory request was completed. (0x12B)
[0619/205029.273:WARNING:pe_image_reader.cc(340)] could not read dos header from C:\WINDOWS\SYSTEM32\dbghelp.dll
[0619/205029.273:ERROR:process_memory_win.cc(73)] ReadMemory at 0x7ffac14d0000 of 64 bytes failed: Only part of a ReadProcessMemory or WriteProcessMemory request was completed. (0x12B)
[0619/205029.273:WARNING:pe_image_reader.cc(340)] could not read dos header from C:\WINDOWS\SYSTEM32\WINHTTP.dll
[0619/205029.273:ERROR:process_memory_win.cc(73)] ReadMemory at 0x7ffabca20000 of 64 bytes failed: Only part of a ReadProcessMemory or WriteProcessMemory request was completed. (0x12B)
[0619/205029.273:WARNING:pe_image_reader.cc(340)] could not read dos header from C:\WINDOWS\SYSTEM32\dhcpcsvc.DLL
[0619/205029.273:ERROR:process_memory_win.cc(73)] ReadMemory at 0x7ffacc1c0000 of 64 bytes failed: Only part of a ReadProcessMemory or WriteProcessMemory request was completed. (0x12B)
[0619/205029.273:WARNING:pe_image_reader.cc(340)] could not read dos header from C:\WINDOWS\System32\NSI.dll
[0619/205029.273:ERROR:process_memory_win.cc(73)] ReadMemory at 0x7ffac7500000 of 64 bytes failed: Only part of a ReadProcessMemory or WriteProcessMemory request was completed. (0x12B)
[0619/205029.273:WARNING:pe_image_reader.cc(340)] could not read dos header from C:\WINDOWS\SYSTEM32\WINMMBASE.dll
[0619/205029.273:ERROR:process_memory_win.cc(73)] ReadMemory at 0x7ffaca8f0000 of 64 bytes failed: Only part of a ReadProcessMemory or WriteProcessMemory request was completed. (0x12B)
[0619/205029.273:WARNING:pe_image_reader.cc(340)] could not read dos header from C:\WINDOWS\System32\cfgmgr32.dll
[0619/205029.273:ERROR:process_memory_win.cc(73)] ReadMemory at 0x7ffac7a00000 of 64 bytes failed: Only part of a ReadProcessMemory or WriteProcessMemory request was completed. (0x12B)
[0619/205029.273:WARNING:pe_image_reader.cc(340)] could not read dos header from C:\WINDOWS\SYSTEM32\PROPSYS.dll
[0619/205029.273:ERROR:process_memory_win.cc(73)] ReadMemory at 0x7ffacb1c0000 of 64 bytes failed: Only part of a ReadProcessMemory or WriteProcessMemory request was completed. (0x12B)
[0619/205029.273:WARNING:pe_image_reader.cc(340)] could not read dos header from C:\WINDOWS\System32\shcore.dll
[0619/205029.273:ERROR:process_memory_win.cc(73)] ReadMemory at 0x7ffac9810000 of 64 bytes failed: Only part of a ReadProcessMemory or WriteProcessMemory request was completed. (0x12B)
[0619/205029.273:WARNING:pe_image_reader.cc(340)] could not read dos header from C:\WINDOWS\SYSTEM32\SSPICLI.DLL
[0619/205029.277:ERROR:process_memory_win.cc(73)] ReadMemory at 0x7ffac9360000 of 64 bytes failed: Only part of a ReadProcessMemory or WriteProcessMemory request was completed. (0x12B)
[0619/205029.277:WARNING:pe_image_reader.cc(340)] could not read dos header from C:\WINDOWS\SYSTEM32\CRYPTBASE.DLL
[0619/205029.286:ERROR:process_memory_win.cc(73)] ReadMemory at 0x49dcff5000 of 45056 bytes failed: Only part of a ReadProcessMemory or WriteProcessMemory request was completed. (0x12B)
[0619/205029.286:ERROR:process_memory_win.cc(73)] ReadMemory at 0x49dd7fd000 of 12288 bytes failed: Only part of a ReadProcessMemory or WriteProcessMemory request was completed. (0x12B)
[0619/205029.286:ERROR:process_memory_win.cc(73)] ReadMemory at 0x49ddffb000 of 20480 bytes failed: Only part of a ReadProcessMemory or WriteProcessMemory request was completed. (0x12B)
[0619/205029.286:ERROR:process_memory_win.cc(73)] ReadMemory at 0x49de7fc000 of 16384 bytes failed: Only part of a ReadProcessMemory or WriteProcessMemory request was completed. (0x12B)
[0619/205029.286:ERROR:process_memory_win.cc(73)] ReadMemory at 0x49deffc000 of 16384 bytes failed: Only part of a ReadProcessMemory or WriteProcessMemory request was completed. (0x12B)
[0619/205029.288:ERROR:process_memory_win.cc(73)] ReadMemory at 0x49df7fe000 of 8192 bytes failed: Only part of a ReadProcessMemory or WriteProcessMemory request was completed. (0x12B)
[0619/205029.288:ERROR:process_memory_win.cc(73)] ReadMemory at 0x49dfffd000 of 12288 bytes failed: Only part of a ReadProcessMemory or WriteProcessMemory request was completed. (0x12B)
[0619/205029.288:ERROR:process_memory_win.cc(73)] ReadMemory at 0x49e07fb000 of 20480 bytes failed: Only part of a ReadProcessMemory or WriteProcessMemory request was completed. (0x12B)
[0619/205029.288:ERROR:process_memory_win.cc(73)] ReadMemory at 0x49e0ffd000 of 12288 bytes failed: Only part of a ReadProcessMemory or WriteProcessMemory request was completed. (0x12B)
[0619/205029.288:ERROR:process_memory_win.cc(73)] ReadMemory at 0x49e17fd000 of 12288 bytes failed: Only part of a ReadProcessMemory or WriteProcessMemory request was completed. (0x12B)
[0619/205029.288:ERROR:process_memory_win.cc(73)] ReadMemory at 0x49e1ffd000 of 12288 bytes failed: Only part of a ReadProcessMemory or WriteProcessMemory request was completed. (0x12B)
[0619/205029.288:ERROR:process_memory_win.cc(73)] ReadMemory at 0x49e27fd000 of 12288 bytes failed: Only part of a ReadProcessMemory or WriteProcessMemory request was completed. (0x12B)
[0619/205029.288:ERROR:process_memory_win.cc(73)] ReadMemory at 0x49e2ffd000 of 12288 bytes failed: Only part of a ReadProcessMemory or WriteProcessMemory request was completed. (0x12B)
[0619/205029.288:ERROR:process_memory_win.cc(73)] ReadMemory at 0x49e37fd000 of 12288 bytes failed: Only part of a ReadProcessMemory or WriteProcessMemory request was completed. (0x12B)
[0619/205029.289:ERROR:process_memory_win.cc(73)] ReadMemory at 0x49e3ffd000 of 12288 bytes failed: Only part of a ReadProcessMemory or WriteProcessMemory request was completed. (0x12B)
[0619/205029.289:ERROR:process_memory_win.cc(73)] ReadMemory at 0x49e47fd000 of 12288 bytes failed: Only part of a ReadProcessMemory or WriteProcessMemory request was completed. (0x12B)
[0619/205029.289:ERROR:process_memory_win.cc(73)] ReadMemory at 0x49dc6df000 of 852 bytes failed: Only part of a ReadProcessMemory or WriteProcessMemory request was completed. (0x12B)
[0619/205029.289:ERROR:process_memory_win.cc(73)] ReadMemory at 0x49dc6e0000 of 6024 bytes failed: Only part of a ReadProcessMemory or WriteProcessMemory request was completed. (0x12B)
[0619/205029.290:ERROR:process_memory_win.cc(73)] ReadMemory at 0x49dc6e2000 of 6024 bytes failed: Only part of a ReadProcessMemory or WriteProcessMemory request was completed. (0x12B)
[0619/205029.290:ERROR:process_memory_win.cc(73)] ReadMemory at 0x49dc6e4000 of 6024 bytes failed: Only part of a ReadProcessMemory or WriteProcessMemory request was completed. (0x12B)
[0619/205029.290:ERROR:process_memory_win.cc(73)] ReadMemory at 0x49dc6e6000 of 6024 bytes failed: Only part of a ReadProcessMemory or WriteProcessMemory request was completed. (0x12B)
[0619/205029.290:ERROR:process_memory_win.cc(73)] ReadMemory at 0x49dc6e8000 of 6024 bytes failed: Only part of a ReadProcessMemory or WriteProcessMemory request was completed. (0x12B)
[0619/205029.290:ERROR:process_memory_win.cc(73)] ReadMemory at 0x49dc6ea000 of 6024 bytes failed: Only part of a ReadProcessMemory or WriteProcessMemory request was completed. (0x12B)
[0619/205029.290:ERROR:process_memory_win.cc(73)] ReadMemory at 0x49dc6ec000 of 6024 bytes failed: Only part of a ReadProcessMemory or WriteProcessMemory request was completed. (0x12B)
[0619/205029.290:ERROR:process_memory_win.cc(73)] ReadMemory at 0x49dc6ee000 of 6024 bytes failed: Only part of a ReadProcessMemory or WriteProcessMemory request was completed. (0x12B)
[0619/205029.291:ERROR:process_memory_win.cc(73)] ReadMemory at 0x49dc6f0000 of 6024 bytes failed: Only part of a ReadProcessMemory or WriteProcessMemory request was completed. (0x12B)
[0619/205029.291:ERROR:process_memory_win.cc(73)] ReadMemory at 0x49dc6f2000 of 6024 bytes failed: Only part of a ReadProcessMemory or WriteProcessMemory request was completed. (0x12B)
[0619/205029.291:ERROR:process_memory_win.cc(73)] ReadMemory at 0x49dc6f4000 of 6024 bytes failed: Only part of a ReadProcessMemory or WriteProcessMemory request was completed. (0x12B)
[0619/205029.291:ERROR:process_memory_win.cc(73)] ReadMemory at 0x49dc6f6000 of 6024 bytes failed: Only part of a ReadProcessMemory or WriteProcessMemory request was completed. (0x12B)
[0619/205029.291:ERROR:process_memory_win.cc(73)] ReadMemory at 0x49dc6f8000 of 6024 bytes failed: Only part of a ReadProcessMemory or WriteProcessMemory request was completed. (0x12B)
[0619/205029.291:ERROR:process_memory_win.cc(73)] ReadMemory at 0x49dc6fa000 of 6024 bytes failed: Only part of a ReadProcessMemory or WriteProcessMemory request was completed. (0x12B)
[0619/205029.291:ERROR:process_memory_win.cc(73)] ReadMemory at 0x49dc6fc000 of 6024 bytes failed: Only part of a ReadProcessMemory or WriteProcessMemory request was completed. (0x12B)
[0619/205029.291:ERROR:process_memory_win.cc(73)] ReadMemory at 0x49dc6fe000 of 6024 bytes failed: Only part of a ReadProcessMemory or WriteProcessMemory request was completed. (0x12B)
[0619/205029.291:ERROR:process_memory_win.cc(73)] ReadMemory at 0x2406e6e0750 of 80 bytes failed: Only part of a ReadProcessMemory or WriteProcessMemory request was completed. (0x12B)
[0619/205029.291:ERROR:process_memory_win.cc(73)] ReadMemory at 0x2406e6e0fe0 of 4918 bytes failed: Only part of a ReadProcessMemory or WriteProcessMemory request was completed. (0x12B)
[0619/205029.292:ERROR:process_memory_win.cc(73)] ReadMemory at 0x2406e6e2320 of 1012 bytes failed: Only part of a ReadProcessMemory or WriteProcessMemory request was completed. (0x12B)
[0619/205029.292:ERROR:process_memory_win.cc(73)] ReadMemory at 0x2406e6e2968 of 118 bytes failed: Only part of a ReadProcessMemory or WriteProcessMemory request was completed. (0x12B)
[0619/205029.292:ERROR:process_memory_win.cc(73)] ReadMemory at 0x2406e6e29e0 of 760 bytes failed: Only part of a ReadProcessMemory or WriteProcessMemory request was completed. (0x12B)
[0619/205029.292:ERROR:process_memory_win.cc(73)] ReadMemory at 0x2406e6e2cda of 118 bytes failed: Only part of a ReadProcessMemory or WriteProcessMemory request was completed. (0x12B)
[0619/205029.292:ERROR:process_memory_win.cc(73)] ReadMemory at 0x2406e6e2d52 of 98 bytes failed: Only part of a ReadProcessMemory or WriteProcessMemory request was completed. (0x12B)
[0619/205029.292:ERROR:process_memory_win.cc(73)] ReadMemory at 0x2406e6e2dc0 of 58 bytes failed: Only part of a ReadProcessMemory or WriteProcessMemory request was completed. (0x12B)
[0619/205029.292:ERROR:process_memory_win.cc(73)] ReadMemory at 0x2406e6e2ec0 of 132 bytes failed: Only part of a ReadProcessMemory or WriteProcessMemory request was completed. (0x12B)
[0619/205029.292:ERROR:process_memory_win.cc(73)] ReadMemory at 0x2406e6e3050 of 132 bytes failed: Only part of a ReadProcessMemory or WriteProcessMemory request was completed. (0x12B)
[0619/205029.292:ERROR:process_memory_win.cc(73)] ReadMemory at 0x2406e6e3210 of 126 bytes failed: Only part of a ReadProcessMemory or WriteProcessMemory request was completed. (0x12B)
[0619/205029.292:ERROR:process_memory_win.cc(73)] ReadMemory at 0x2406e6e35f0 of 132 bytes failed: Only part of a ReadProcessMemory or WriteProcessMemory request was completed. (0x12B)
[0619/205029.292:ERROR:process_memory_win.cc(73)] ReadMemory at 0x2406e6e3780 of 64 bytes failed: Only part of a ReadProcessMemory or WriteProcessMemory request was completed. (0x12B)
[0619/205029.292:ERROR:process_memory_win.cc(73)] ReadMemory at 0x2406e6e37d0 of 132 bytes failed: Only part of a ReadProcessMemory or WriteProcessMemory request was completed. (0x12B)
[0619/205029.292:ERROR:process_memory_win.cc(73)] ReadMemory at 0x2406e6e3900 of 132 bytes failed: Only part of a ReadProcessMemory or WriteProcessMemory request was completed. (0x12B)
[0619/205029.292:ERROR:process_memory_win.cc(73)] ReadMemory at 0x2406e6e3be0 of 132 bytes failed: Only part of a ReadProcessMemory or WriteProcessMemory request was completed. (0x12B)
[0619/205029.293:ERROR:process_memory_win.cc(73)] ReadMemory at 0x2406e6e3d70 of 68 bytes failed: Only part of a ReadProcessMemory or WriteProcessMemory request was completed. (0x12B)
[0619/205029.293:ERROR:process_memory_win.cc(73)] ReadMemory at 0x2406e6e4d60 of 132 bytes failed: Only part of a ReadProcessMemory or WriteProcessMemory request was completed. (0x12B)
[0619/205029.293:ERROR:process_memory_win.cc(73)] ReadMemory at 0x2406e6e4fb0 of 154 bytes failed: Only part of a ReadProcessMemory or WriteProcessMemory request was completed. (0x12B)
[0619/205029.293:ERROR:process_memory_win.cc(73)] ReadMemory at 0x2406e6e5da0 of 62 bytes failed: Only part of a ReadProcessMemory or WriteProcessMemory request was completed. (0x12B)
[0619/205029.293:ERROR:process_memory_win.cc(73)] ReadMemory at 0x2406e6e5f90 of 132 bytes failed: Only part of a ReadProcessMemory or WriteProcessMemory request was completed. (0x12B)
[0619/205029.293:ERROR:process_memory_win.cc(73)] ReadMemory at 0x2406e6e60c0 of 60 bytes failed: Only part of a ReadProcessMemory or WriteProcessMemory request was completed. (0x12B)
[0619/205029.293:ERROR:process_memory_win.cc(73)] ReadMemory at 0x2406e6e7680 of 132 bytes failed: Only part of a ReadProcessMemory or WriteProcessMemory request was completed. (0x12B)
[0619/205029.294:ERROR:process_memory_win.cc(73)] ReadMemory at 0x2406e6e79d0 of 132 bytes failed: Only part of a ReadProcessMemory or WriteProcessMemory request was completed. (0x12B)
[0619/205029.294:ERROR:process_memory_win.cc(73)] ReadMemory at 0x2406e6e7b00 of 132 bytes failed: Only part of a ReadProcessMemory or WriteProcessMemory request was completed. (0x12B)
[0619/205029.294:ERROR:process_memory_win.cc(73)] ReadMemory at 0x2406e6e7d20 of 132 bytes failed: Only part of a ReadProcessMemory or WriteProcessMemory request was completed. (0x12B)
[0619/205029.294:ERROR:process_memory_win.cc(73)] ReadMemory at 0x2406e6e8080 of 132 bytes failed: Only part of a ReadProcessMemory or WriteProcessMemory request was completed. (0x12B)
[0619/205029.294:ERROR:process_memory_win.cc(73)] ReadMemory at 0x2406e6e8290 of 132 bytes failed: Only part of a ReadProcessMemory or WriteProcessMemory request was completed. (0x12B)
[0619/205029.294:ERROR:process_memory_win.cc(73)] ReadMemory at 0x2406e6e8440 of 132 bytes failed: Only part of a ReadProcessMemory or WriteProcessMemory request was completed. (0x12B)
[0619/205029.294:ERROR:process_memory_win.cc(73)] ReadMemory at 0x2406e6eb480 of 66 bytes failed: Only part of a ReadProcessMemory or WriteProcessMemory request was completed. (0x12B)
[0619/205029.294:ERROR:process_memory_win.cc(73)] ReadMemory at 0x2406e6eb520 of 64 bytes failed: Only part of a ReadProcessMemory or WriteProcessMemory request was completed. (0x12B)
[0619/205029.294:ERROR:process_memory_win.cc(73)] ReadMemory at 0x2406e6eb6b0 of 64 bytes failed: Only part of a ReadProcessMemory or WriteProcessMemory request was completed. (0x12B)
[0619/205029.295:ERROR:process_memory_win.cc(73)] ReadMemory at 0x2406e6eb7f0 of 62 bytes failed: Only part of a ReadProcessMemory or WriteProcessMemory request was completed. (0x12B)
[0619/205029.295:ERROR:process_memory_win.cc(73)] ReadMemory at 0x2406e6eb840 of 62 bytes failed: Only part of a ReadProcessMemory or WriteProcessMemory request was completed. (0x12B)
[0619/205029.295:ERROR:process_memory_win.cc(73)] ReadMemory at 0x2406e6eb890 of 60 bytes failed: Only part of a ReadProcessMemory or WriteProcessMemory request was completed. (0x12B)
[0619/205029.295:ERROR:process_memory_win.cc(73)] ReadMemory at 0x2406e6eb930 of 60 bytes failed: Only part of a ReadProcessMemory or WriteProcessMemory request was completed. (0x12B)
[0619/205029.295:ERROR:process_memory_win.cc(73)] ReadMemory at 0x2406e6eb980 of 64 bytes failed: Only part of a ReadProcessMemory or WriteProcessMemory request was completed. (0x12B)
[0619/205029.296:ERROR:process_memory_win.cc(73)] ReadMemory at 0x2406e6eba70 of 64 bytes failed: Only part of a ReadProcessMemory or WriteProcessMemory request was completed. (0x12B)
[0619/205029.296:ERROR:process_memory_win.cc(73)] ReadMemory at 0x2406e6ec510 of 132 bytes failed: Only part of a ReadProcessMemory or WriteProcessMemory request was completed. (0x12B)
[0619/205029.296:ERROR:process_memory_win.cc(73)] ReadMemory at 0x2406e6ec640 of 132 bytes failed: Only part of a ReadProcessMemory or WriteProcessMemory request was completed. (0x12B)
[0619/205029.296:ERROR:process_memory_win.cc(73)] ReadMemory at 0x2406e6ec770 of 132 bytes failed: Only part of a ReadProcessMemory or WriteProcessMemory request was completed. (0x12B)
[0619/205029.296:ERROR:process_memory_win.cc(73)] ReadMemory at 0x2406e6ec8a0 of 132 bytes failed: Only part of a ReadProcessMemory or WriteProcessMemory request was completed. (0x12B)
[0619/205029.296:ERROR:process_memory_win.cc(73)] ReadMemory at 0x2406e6ec9d0 of 132 bytes failed: Only part of a ReadProcessMemory or WriteProcessMemory request was completed. (0x12B)
[0619/205029.297:ERROR:process_memory_win.cc(73)] ReadMemory at 0x2406e6ecb00 of 132 bytes failed: Only part of a ReadProcessMemory or WriteProcessMemory request was completed. (0x12B)
[0619/205029.297:ERROR:process_memory_win.cc(73)] ReadMemory at 0x2406e6ecc30 of 132 bytes failed: Only part of a ReadProcessMemory or WriteProcessMemory request was completed. (0x12B)
[0619/205029.297:ERROR:process_memory_win.cc(73)] ReadMemory at 0x2406e6ece90 of 132 bytes failed: Only part of a ReadProcessMemory or WriteProcessMemory request was completed. (0x12B)
[0619/205029.297:ERROR:process_memory_win.cc(73)] ReadMemory at 0x2406e6ecfc0 of 132 bytes failed: Only part of a ReadProcessMemory or WriteProcessMemory request was completed. (0x12B)
[0619/205029.297:ERROR:process_memory_win.cc(73)] ReadMemory at 0x2406e6ed0f0 of 132 bytes failed: Only part of a ReadProcessMemory or WriteProcessMemory request was completed. (0x12B)
[0619/205029.298:ERROR:process_memory_win.cc(73)] ReadMemory at 0x2406e6ed220 of 132 bytes failed: Only part of a ReadProcessMemory or WriteProcessMemory request was completed. (0x12B)
[0619/205029.298:ERROR:process_memory_win.cc(73)] ReadMemory at 0x2406e6ed350 of 132 bytes failed: Only part of a ReadProcessMemory or WriteProcessMemory request was completed. (0x12B)
[0619/205029.298:ERROR:process_memory_win.cc(73)] ReadMemory at 0x2406e6ee780 of 54 bytes failed: Only part of a ReadProcessMemory or WriteProcessMemory request was completed. (0x12B)
[0619/205029.298:ERROR:process_memory_win.cc(73)] ReadMemory at 0x2406e6f0700 of 132 bytes failed: Only part of a ReadProcessMemory or WriteProcessMemory request was completed. (0x12B)
[0619/205029.298:ERROR:process_memory_win.cc(73)] ReadMemory at 0x2406e6f3d70 of 132 bytes failed: Only part of a ReadProcessMemory or WriteProcessMemory request was completed. (0x12B)
[0619/205029.298:ERROR:process_memory_win.cc(73)] ReadMemory at 0x2406e6f3ea0 of 146 bytes failed: Only part of a ReadProcessMemory or WriteProcessMemory request was completed. (0x12B)
[0619/205029.298:ERROR:process_memory_win.cc(73)] ReadMemory at 0x2406e6f4320 of 76 bytes failed: Only part of a ReadProcessMemory or WriteProcessMemory request was completed. (0x12B)
[0619/205029.298:ERROR:process_memory_win.cc(73)] ReadMemory at 0x2406e6f4380 of 80 bytes failed: Only part of a ReadProcessMemory or WriteProcessMemory request was completed. (0x12B)
[0619/205029.298:ERROR:process_memory_win.cc(73)] ReadMemory at 0x2406e6f5250 of 62 bytes failed: Only part of a ReadProcessMemory or WriteProcessMemory request was completed. (0x12B)
[0619/205029.298:ERROR:process_memory_win.cc(73)] ReadMemory at 0x2406e6f52a0 of 62 bytes failed: Only part of a ReadProcessMemory or WriteProcessMemory request was completed. (0x12B)
[0619/205029.298:ERROR:process_memory_win.cc(73)] ReadMemory at 0x2406e6f5340 of 62 bytes failed: Only part of a ReadProcessMemory or WriteProcessMemory request was completed. (0x12B)
[0619/205029.298:ERROR:process_memory_win.cc(73)] ReadMemory at 0x2406e6f5430 of 62 bytes failed: Only part of a ReadProcessMemory or WriteProcessMemory request was completed. (0x12B)
[0619/205029.299:ERROR:process_memory_win.cc(73)] ReadMemory at 0x2406e6f5520 of 64 bytes failed: Only part of a ReadProcessMemory or WriteProcessMemory request was completed. (0x12B)
[0619/205029.299:ERROR:process_memory_win.cc(73)] ReadMemory at 0x2406e6f56b0 of 58 bytes failed: Only part of a ReadProcessMemory or WriteProcessMemory request was completed. (0x12B)
[0619/205029.299:ERROR:process_memory_win.cc(73)] ReadMemory at 0x2406e6f5750 of 62 bytes failed: Only part of a ReadProcessMemory or WriteProcessMemory request was completed. (0x12B)
[0619/205029.299:ERROR:process_memory_win.cc(73)] ReadMemory at 0x2406e6f5890 of 60 bytes failed: Only part of a ReadProcessMemory or WriteProcessMemory request was completed. (0x12B)
[0619/205029.300:ERROR:process_memory_win.cc(73)] ReadMemory at 0x2406e6f58e0 of 60 bytes failed: Only part of a ReadProcessMemory or WriteProcessMemory request was completed. (0x12B)
[0619/205029.300:ERROR:process_memory_win.cc(73)] ReadMemory at 0x2406e6f5b60 of 62 bytes failed: Only part of a ReadProcessMemory or WriteProcessMemory request was completed. (0x12B)
[0619/205029.300:ERROR:process_memory_win.cc(73)] ReadMemory at 0x2406e6f5c00 of 64 bytes failed: Only part of a ReadProcessMemory or WriteProcessMemory request was completed. (0x12B)
[0619/205029.300:ERROR:process_memory_win.cc(73)] ReadMemory at 0x2406e6f5ed0 of 60 bytes failed: Only part of a ReadProcessMemory or WriteProcessMemory request was completed. (0x12B)
[0619/205029.300:ERROR:process_memory_win.cc(73)] ReadMemory at 0x2406e6f5f20 of 60 bytes failed: Only part of a ReadProcessMemory or WriteProcessMemory request was completed. (0x12B)
[0619/205029.300:ERROR:process_memory_win.cc(73)] ReadMemory at 0x2406e6f5f70 of 62 bytes failed: Only part of a ReadProcessMemory or WriteProcessMemory request was completed. (0x12B)
[0619/205029.300:ERROR:process_memory_win.cc(73)] ReadMemory at 0x2406e6f5fc0 of 62 bytes failed: Only part of a ReadProcessMemory or WriteProcessMemory request was completed. (0x12B)
[0619/205029.300:ERROR:process_memory_win.cc(73)] ReadMemory at 0x2406e6f6010 of 64 bytes failed: Only part of a ReadProcessMemory or WriteProcessMemory request was completed. (0x12B)
[0619/205029.300:ERROR:process_memory_win.cc(73)] ReadMemory at 0x2406e6f6060 of 66 bytes failed: Only part of a ReadProcessMemory or WriteProcessMemory request was completed. (0x12B)
[0619/205029.300:ERROR:process_memory_win.cc(73)] ReadMemory at 0x2406e6f60b0 of 64 bytes failed: Only part of a ReadProcessMemory or WriteProcessMemory request was completed. (0x12B)
[0619/205029.300:ERROR:process_memory_win.cc(73)] ReadMemory at 0x2406e6f6af0 of 132 bytes failed: Only part of a ReadProcessMemory or WriteProcessMemory request was completed. (0x12B)
[0619/205029.300:ERROR:process_memory_win.cc(73)] ReadMemory at 0x2406e6f70e0 of 132 bytes failed: Only part of a ReadProcessMemory or WriteProcessMemory request was completed. (0x12B)
[0619/205029.300:ERROR:process_memory_win.cc(73)] ReadMemory at 0x2406e6f7210 of 132 bytes failed: Only part of a ReadProcessMemory or WriteProcessMemory request was completed. (0x12B)
[0619/205029.301:ERROR:process_memory_win.cc(73)] ReadMemory at 0x2406e6f7470 of 132 bytes failed: Only part of a ReadProcessMemory or WriteProcessMemory request was completed. (0x12B)
[0619/205029.301:ERROR:process_memory_win.cc(73)] ReadMemory at 0x2406e6f75a0 of 132 bytes failed: Only part of a ReadProcessMemory or WriteProcessMemory request was completed. (0x12B)
[0619/205029.301:ERROR:process_memory_win.cc(73)] ReadMemory at 0x2406e6f7800 of 132 bytes failed: Only part of a ReadProcessMemory or WriteProcessMemory request was completed. (0x12B)
[0619/205029.301:ERROR:process_memory_win.cc(73)] ReadMemory at 0x2406e6f7930 of 132 bytes failed: Only part of a ReadProcessMemory or WriteProcessMemory request was completed. (0x12B)
[0619/205029.301:ERROR:process_memory_win.cc(73)] ReadMemory at 0x2406e6f7a60 of 132 bytes failed: Only part of a ReadProcessMemory or WriteProcessMemory request was completed. (0x12B)
[0619/205029.301:ERROR:process_memory_win.cc(73)] ReadMemory at 0x2406e6f8050 of 132 bytes failed: Only part of a ReadProcessMemory or WriteProcessMemory request was completed. (0x12B)
[0619/205029.301:ERROR:process_memory_win.cc(73)] ReadMemory at 0x2406e6f8770 of 132 bytes failed: Only part of a ReadProcessMemory or WriteProcessMemory request was completed. (0x12B)
[0619/205029.301:ERROR:process_memory_win.cc(73)] ReadMemory at 0x2406e70f610 of 512 bytes failed: Only part of a ReadProcessMemory or WriteProcessMemory request was completed. (0x12B)
[0619/205029.301:ERROR:process_memory_win.cc(73)] ReadMemory at 0x2406e7104e0 of 512 bytes failed: Only part of a ReadProcessMemory or WriteProcessMemory request was completed. (0x12B)
[0619/205029.301:ERROR:process_memory_win.cc(73)] ReadMemory at 0x2406e717a90 of 512 bytes failed: Only part of a ReadProcessMemory or WriteProcessMemory request was completed. (0x12B)
[0619/205029.301:ERROR:process_memory_win.cc(73)] ReadMemory at 0x2406e910c40 of 608 bytes failed: Only part of a ReadProcessMemory or WriteProcessMemory request was completed. (0x12B)
[0619/205029.301:ERROR:process_memory_win.cc(73)] ReadMemory at 0x2406e910f40 of 512 bytes failed: Only part of a ReadProcessMemory or WriteProcessMemory request was completed. (0x12B)
[0619/205029.302:ERROR:process_memory_win.cc(73)] ReadMemory at 0x2406e9113c0 of 512 bytes failed: Only part of a ReadProcessMemory or WriteProcessMemory request was completed. (0x12B)
[0619/205029.302:ERROR:process_memory_win.cc(73)] ReadMemory at 0x2406ed2aca0 of 512 bytes failed: Only part of a ReadProcessMemory or WriteProcessMemory request was completed. (0x12B)
[0619/205029.302:ERROR:process_memory_win.cc(73)] ReadMemory at 0x2406ed37180 of 512 bytes failed: Only part of a ReadProcessMemory or WriteProcessMemory request was completed. (0x12B)
[0619/205029.302:ERROR:process_memory_win.cc(73)] ReadMemory at 0x2406ed4c020 of 712 bytes failed: Only part of a ReadProcessMemory or WriteProcessMemory request was completed. (0x12B)
[0619/205029.302:ERROR:process_memory_win.cc(73)] ReadMemory at 0x2406ed51590 of 512 bytes failed: Only part of a ReadProcessMemory or WriteProcessMemory request was completed. (0x12B)
[0619/205029.302:ERROR:process_memory_win.cc(73)] ReadMemory at 0x2406eda22f0 of 512 bytes failed: Only part of a ReadProcessMemory or WriteProcessMemory request was completed. (0x12B)
[0619/205029.303:ERROR:process_memory_win.cc(73)] ReadMemory at 0x240703fa670 of 512 bytes failed: Only part of a ReadProcessMemory or WriteProcessMemory request was completed. (0x12B)
[0619/205029.303:ERROR:process_memory_win.cc(73)] ReadMemory at 0x24070488250 of 512 bytes failed: Only part of a ReadProcessMemory or WriteProcessMemory request was completed. (0x12B)
[0619/205029.303:ERROR:process_memory_win.cc(73)] ReadMemory at 0x2407053eb30 of 512 bytes failed: Only part of a ReadProcessMemory or WriteProcessMemory request was completed. (0x12B)
[0619/205029.303:ERROR:process_memory_win.cc(73)] ReadMemory at 0x240705f0808 of 512 bytes failed: Only part of a ReadProcessMemory or WriteProcessMemory request was completed. (0x12B)
[0619/205029.303:ERROR:process_memory_win.cc(73)] ReadMemory at 0x24070950000 of 384 bytes failed: Only part of a ReadProcessMemory or WriteProcessMemory request was completed. (0x12B)
[0619/205029.303:ERROR:process_memory_win.cc(73)] ReadMemory at 0x7d5254688be8 of 512 bytes failed: Only part of a ReadProcessMemory or WriteProcessMemory request was completed. (0x12B)
[0619/205029.303:ERROR:process_memory_win.cc(73)] ReadMemory at 0x7ffa71fe8cdc of 512 bytes failed: Only part of a ReadProcessMemory or WriteProcessMemory request was completed. (0x12B)
[0619/205029.303:ERROR:process_memory_win.cc(73)] ReadMemory at 0x7ffa72f167d1 of 512 bytes failed: Only part of a ReadProcessMemory or WriteProcessMemory request was completed. (0x12B)
[0619/205029.304:ERROR:process_memory_win.cc(73)] ReadMemory at 0x7ffa7714c9c8 of 512 bytes failed: Only part of a ReadProcessMemory or WriteProcessMemory request was completed. (0x12B)
[0619/205029.304:ERROR:process_memory_win.cc(73)] ReadMemory at 0x7ffaca4dc6e0 of 512 bytes failed: Only part of a ReadProcessMemory or WriteProcessMemory request was completed. (0x12B)
[0619/205029.304:ERROR:process_memory_win.cc(73)] ReadMemory at 0x7ffaccafc074 of 672 bytes failed: Only part of a ReadProcessMemory or WriteProcessMemory request was completed. (0x12B)
[0619/205029.304:ERROR:process_memory_win.cc(73)] ReadMemory at 0x7ffaccafc674 of 512 bytes failed: Only part of a ReadProcessMemory or WriteProcessMemory request was completed. (0x12B)
[0619/205029.304:ERROR:process_memory_win.cc(73)] ReadMemory at 0x7ffaccaff924 of 608 bytes failed: Only part of a ReadProcessMemory or WriteProcessMemory request was completed. (0x12B)
[0619/205029.304:ERROR:process_memory_win.cc(73)] ReadMemory at 0x7ffaccb8c428 of 18 bytes failed: Only part of a ReadProcessMemory or WriteProcessMemory request was completed. (0x12B)
[0619/205029.305:ERROR:process_memory_win.cc(73)] ReadMemory at 0x7ffaccbbf4f8 of 40 bytes failed: Only part of a ReadProcessMemory or WriteProcessMemory request was completed. (0x12B)
[0619/205029.305:ERROR:process_memory_win.cc(73)] ReadMemory at 0x7ffaccbbf978 of 48 bytes failed: Only part of a ReadProcessMemory or WriteProcessMemory request was completed. (0x12B)
[0619/205029.305:ERROR:process_memory_win.cc(73)] ReadMemory at 0x7ffaccbc53c0 of 64 bytes failed: Only part of a ReadProcessMemory or WriteProcessMemory request was completed. (0x12B)
[0619/205029.307:ERROR:scoped_process_suspend.cc(40)] NtResumeProcess: An attempt was made to access an exiting process. (0xc000010a)
[0619/205102.591:ERROR:process_reader_win.cc(151)] SuspendThread: Access is denied. (0x5)
[0619/205102.591:ERROR:exception_snapshot_win.cc(98)] thread ID 178856 not found in process
[0619/205102.591:ERROR:scoped_process_suspend.cc(40)] NtResumeProcess: An attempt was made to access an exiting process. (0xc000010a)
[0626/175006.526:ERROR:process_info.cc(329)] VirtualQueryEx: Access is denied. (0x5)
[0626/175006.531:ERROR:process_info.cc(556)] ReadMemoryInfo failed
[0626/175006.531:ERROR:process_memory_win.cc(39)] Failed to initialize ProcessInfo.
[0626/175006.531:ERROR:scoped_process_suspend.cc(40)] NtResumeProcess: An attempt was made to access an exiting process. (0xc000010a)
